
🚗 Fuel Prices India - Real-time Scraper
Fetching prices from multiple sources...

Starting fuel price scraper...
==================================================
Fetching prices for Andhra Pradesh (using city: amaravati)...
  ✗ Could not fetch data for Andhra Pradesh
Fetching prices for Arunachal Pradesh (using city: itanagar)...
  ✓ Got data from goodreturns
Fetching prices for Assam (using city: guwahati)...
  ✗ Could not fetch data for Assam
Fetching prices for Bihar (using city: patna)...
  ✓ Got data from goodreturns
Fetching prices for Chhattisgarh (using city: raipur)...
  ✗ Could not fetch data for Chhattisgarh
Fetching prices for Delhi (using city: new-delhi)...
  ✗ Could not fetch data for Delhi
Fetching prices for Goa (using city: panaji)...
  ✓ Got data from goodreturns
Fetching prices for Gujarat (using city: gandhinagar)...
  ✓ Got data from goodreturns
Fetching prices for Haryana (using city: chandigarh)...
  ✗ Could not fetch data for Haryana
Fetching prices for Himachal Pradesh (using city: shimla)...
  ✓ Got data from goodreturns
Fetching prices for Jharkhand (using city: ranchi)...
  ✓ Got data from goodreturns
Fetching prices for Karnataka (using city: bangalore)...
  ✓ Got data from goodreturns
Fetching prices for Kerala (using city: ernakulam-city)...
  ✓ Got data from goodreturns
Fetching prices for Madhya Pradesh (using city: bhopal)...
  ✗ Could not fetch data for Madhya Pradesh
Fetching prices for Maharashtra (using city: mumbai)...
  ✓ Got data from goodreturns
Fetching prices for Manipur (using city: imphal)...
  ✓ Got data from goodreturns
Fetching prices for Meghalaya (using city: shillong)...
  ✓ Got data from goodreturns
Fetching prices for Mizoram (using city: aizawl)...
  ✓ Got data from goodreturns
Fetching prices for Nagaland (using city: kohima)...
  ✓ Got data from goodreturns
Fetching prices for Odisha (using city: bhubaneswar)...
  ✓ Got data from goodreturns
Fetching prices for Punjab (using city: chandigarh)...
  ✓ Got data from goodreturns
Fetching prices for Rajasthan (using city: jaipur)...
  ✓ Got data from goodreturns
Fetching prices for Sikkim (using city: gangtok)...
  ✓ Got data from goodreturns
Fetching prices for Tamil Nadu (using city: chennai)...
  ✓ Got data from goodreturns
Fetching prices for Telangana (using city: hyderabad)...
  ✓ Got data from goodreturns
Fetching prices for Tripura (using city: agartala)...
  ✓ Got data from goodreturns
Fetching prices for Uttar Pradesh (using city: lucknow)...
  ✓ Got data from goodreturns
Fetching prices for Uttarakhand (using city: dehradun)...
  ✓ Got data from goodreturns
Fetching prices for West Bengal (using city: kolkata)...
  ✗ Could not fetch data for West Bengal
Fetching prices for Andaman and Nicobar Islands (using city: port-blair)...
  ✗ Could not fetch data for Andaman and Nicobar Islands
Fetching prices for Chandigarh (using city: chandigarh)...
  ✓ Got data from goodreturns
Fetching prices for Dadra and Nagar Haveli and Daman and Diu (using city: daman)...
  ✗ Could not fetch data for Dadra and Nagar Haveli and Daman and Diu
Fetching prices for Jammu and Kashmir (using city: srinagar)...
  ✗ Could not fetch data for Jammu and Kashmir
Fetching prices for Ladakh (using city: leh)...
  ✓ Got data from goodreturns
Fetching prices for Lakshadweep (using city: kavaratti)...
  ✓ Got data from goodreturns
Fetching prices for Puducherry (using city: puducherry)...
  ✗ Could not fetch data for Puducherry
==================================================
Scraping complete: 25/36 states fetched successfully

✓ Successfully updated data.json with 36 entries

✓ Fuel prices updated successfully!
